. use xtsfsp_ex1.dta

. xtset id t 

Panel variable: id (strongly balanced)
 Time variable: t, 1 to 20
         Delta: 1 unit

. * importing spatial weight matrix from xtsfsp_wmat1.mmat
. mata mata matuse xtsfsp_w1.mmat,replace
(loading w1[300,300])

. * fitting the model
. xtsfsp y x, uhet(z) wu(w1,mata) wy(w1,mata) wv(w1,mata) wx(w1,mata) wxvars(x) te(te) nolog

Spatial frontier model(yxuv-SAR)                     Number of obs =     6,000
                                                     Wald chi2(2)  = 113733.00
Log likelihood = -3953.6034                          Prob > chi2   =    0.0000

------------------------------------------------------------------------------
           y | Coefficient  Std. err.      z    P>|z|     [95% conf. interval]
-------------+----------------------------------------------------------------
frontier     |
           x |   2.006736   .0082953   241.91   0.000     1.990477    2.022994
         W_x |   .5457545   .0709898     7.69   0.000     .4066171    .6848919
       _cons |   1.008833   .0460347    21.91   0.000     .9186065    1.099059
-------------+----------------------------------------------------------------
    /lnsigv2 |  -1.566886   .0184019   -85.15   0.000    -1.602953   -1.530819
-------------+----------------------------------------------------------------
uhet         |
           z |   .9858524   .0385881    25.55   0.000      .910221    1.061484
       _cons |  -1.533232   .3361919    -4.56   0.000    -2.192156   -.8743081
-------------+----------------------------------------------------------------
Wy           |
       _cons |     .57773    .062202     9.29   0.000     .4558163    .6996436
-------------+----------------------------------------------------------------
Wv           |
       _cons |   .6066382   .0743834     8.16   0.000     .4608494     .752427
-------------+----------------------------------------------------------------
Wu           |
       _cons |   .6584973   .0938095     7.02   0.000      .474634    .8423606
-------------+----------------------------------------------------------------
         rho |   .2810617   .0286408     9.81   0.000     .2240201    .3361839
       gamma |   .2943177    .033966     8.67   0.000     .2264087    .3593786
         tau |   .3178137    .042162     7.54   0.000     .2329366    .3978845
------------------------------------------------------------------------------
Note: Wy:_cons, Wv:_cons and Wu:_cons are the transfromed parameters;
      rho, gamma and tau are their origin metrics in spatial components, repsectively.
      W_(x) represent Spatial Durbin terms W(x)
