. * importing spatial weight matrices from xtsfsp_w3.mmat
. mata mata matuse xtsfsp_w3,replace
(loading w1[300,300], w10[300,300], w2[300,300], w3[300,300], w4[300,300], w5[300,300], w6[300,300], w7[300,300], w8[300,300], w9[300,300])

. local w w1 w2 w3 w4 w5 w6 w7 w8 w9 w10

. use xtsfsp_ex3.dta

. xtset id t

Panel variable: id (strongly balanced)
 Time variable: t, 1 to 10
         Delta: 1 unit

. xtsfsp y x, wu(`w',mata) wv(`w',mata) uhet(z) vhet(d) nolog

Spatial frontier model(uv-SAR)                         Number of obs =   3,000
                                                       Wald chi2(1)  = 7472.38
Log likelihood = -5803.0516                            Prob > chi2   =  0.0000

------------------------------------------------------------------------------
           y | Coefficient  Std. err.      z    P>|z|     [95% conf. interval]
-------------+----------------------------------------------------------------
frontier     |
           x |   1.988108   .0229991    86.44   0.000     1.943031    2.033185
       _cons |   .8997916   .0737763    12.20   0.000     .7551927    1.044391
-------------+----------------------------------------------------------------
lnsigv2      |
           d |   .9897965   .0259185    38.19   0.000     .9389972    1.040596
       _cons |   .9950927   .0259519    38.34   0.000      .944228    1.045957
-------------+----------------------------------------------------------------
uhet         |
           z |   1.019351   .0458701    22.22   0.000     .9294473    1.109255
       _cons |   1.122574   .4629594     2.42   0.015     .2151904    2.029958
-------------+----------------------------------------------------------------
Wv           |
       _cons |   .6171649   .0431991    14.29   0.000     .5324961    .7018337
-------------+----------------------------------------------------------------
Wu           |
       _cons |   .6471479   .0703691     9.20   0.000      .509227    .7850688
-------------+----------------------------------------------------------------
         tau |    .299117   .0196647    15.21   0.000     .2601042    .3371547
       gamma |   .3127036   .0317402     9.85   0.000     .2492256    .3735057
------------------------------------------------------------------------------
Note: Wv:_cons and Wu:_cons are the transformed parameters
      gamma and tau are their origin metrics in spatial components, repsectively.
