. * Translate shapefile to Stata format
. cap spshape2dta province

. 
. use province 

. drop if _ID == 26 | _ID>31
(4 observations deleted)

. spset 

      Sp dataset: province.dta
Linked shapefile: province_shp.dta
            Data: Cross sectional
 Spatial-unit ID: _ID
     Coordinates: _CX, _CY (planar)

. * Create spatial contiguity matrix
. spmatrix create contiguity w_con, normalize(none) 
  weighting matrix in w_con contains 1 island

. * Obtain spatial matrix as Mata matrix wm from w_con 
. spmatrix matafromsp wm id = w_con

. * Match the iland (_ID = 21) with the nearest province(_ID =19)
. mata: wm[19,21]=1

. mata: wm[21,19]=1

. * Create spmatrix w_con from Mata matrix wm and rwo-normalized the matrix 
. spmatrix spfrommata w_con= wm id, normalize(row) replace

. * Obtain the new spatial matrix as Mata matrix wm from w_con 
. spmatrix matafromsp wm id = w_con

. 
. use chnempirical.dta,clear

. * Generate varables for the translog function
. qui translog Y K L , time(year) norm 

. global x  lnK lnL _t lnK_lnL _t_lnK _t_lnL _t_2 lnK_2 lnL_2

. global z fiscal trade fdi

. * Fit the model with frontier command
. frontier lnY $x,uhet($z) nolog

Stoc. frontier normal/half-normal model               Number of obs =      630
                                                      Wald chi2(9)  = 33273.49
Log likelihood = 307.21728                            Prob > chi2   =   0.0000

------------------------------------------------------------------------------
         lnY | Coefficient  Std. err.      z    P>|z|     [95% conf. interval]
-------------+----------------------------------------------------------------
lnY          |
         lnK |   .7939407    .020148    39.41   0.000     .7544513      .83343
         lnL |   .2423919   .0152754    15.87   0.000     .2124527    .2723312
          _t |  -.0159651   .0029995    -5.32   0.000     -.021844   -.0100862
     lnK_lnL |  -.0239117   .0463983    -0.52   0.606    -.1148507    .0670274
      _t_lnK |   .0385162   .0100006     3.85   0.000     .0189153     .058117
      _t_lnL |  -.0212483   .0070556    -3.01   0.003     -.035077   -.0074197
        _t_2 |  -.0064186   .0009174    -7.00   0.000    -.0082166   -.0046206
       lnK_2 |  -.0151869   .0327529    -0.46   0.643    -.0793815    .0490077
       lnL_2 |  -.0604274    .031823    -1.90   0.058    -.1227993    .0019444
       _cons |   .3105853   .0138557    22.42   0.000     .2834287    .3377419
-------------+----------------------------------------------------------------
lnsig2v      |
       _cons |  -4.491706   .0912372   -49.23   0.000    -4.670528   -4.312885
-------------+----------------------------------------------------------------
lnsig2u      |
      fiscal |   .0724787   .0116298     6.23   0.000     .0496848    .0952726
       trade |  -.0790757   .0165127    -4.79   0.000      -.11144   -.0467115
         fdi |  -.0262741    .006819    -3.85   0.000    -.0396391   -.0129091
       _cons |  -2.964112   .3476526    -8.53   0.000    -3.645499   -2.282726
-------------+----------------------------------------------------------------
     sigma_v |   .1058372   .0048281                      .0967849    .1157361
------------------------------------------------------------------------------

. * Predict the inefficiency term and efficiency scores
. predict double uhat, u

. gen double te0 = exp(-u) 

. * Store the estimated parameters
. mat b0=e(b)

. 
. * Fit the model with xtsfsp command
. xtset _ID year

Panel variable: _ID (strongly balanced)
 Time variable: year, 1997 to 2017
         Delta: 1 unit

. mat b1 = b0,0.6,0.6,0.6

. xtsfsp lnY $x, uhet($z) wy(wm,mata) wu(wm,mata) wv(wm,mata) init(b1) te(tesp1) nolog 

Spatial frontier model(yuv-SAR)                       Number of obs =      630
                                                      Wald chi2(9)  = 16704.73
Log likelihood = 328.51183                            Prob > chi2   =   0.0000

------------------------------------------------------------------------------
         lnY | Coefficient  Std. err.      z    P>|z|     [95% conf. interval]
-------------+----------------------------------------------------------------
frontier     |
         lnK |   .6720836   .0259441    25.91   0.000     .6212341    .7229331
         lnL |   .3390601   .0185192    18.31   0.000      .302763    .3753571
          _t |   .0141493   .0051647     2.74   0.006     .0040267    .0242719
     lnK_lnL |   .0075504    .051805     0.15   0.884    -.0939855    .1090864
      _t_lnK |   .0425662   .0115137     3.70   0.000     .0199998    .0651326
      _t_lnL |  -.0034571   .0079979    -0.43   0.666    -.0191327    .0122186
        _t_2 |  -.0069112   .0013048    -5.30   0.000    -.0094686   -.0043539
       lnK_2 |  -.0875718   .0344022    -2.55   0.011     -.154999   -.0201446
       lnL_2 |  -.0388746   .0377404    -1.03   0.303    -.1128443    .0350952
       _cons |   .4968023    .043107    11.52   0.000     .4123142    .5812903
-------------+----------------------------------------------------------------
    /lnsigv2 |  -4.025468   .0581939   -69.17   0.000    -4.139526    -3.91141
-------------+----------------------------------------------------------------
uhet         |
      fiscal |   .0098788   .0056888     1.74   0.082     -.001271    .0210287
       trade |  -.0911438   .0213384    -4.27   0.000    -.1329663   -.0493212
         fdi |  -.0185831   .0100212    -1.85   0.064    -.0382243    .0010582
       _cons |  -1.963808   .3894655    -5.04   0.000    -2.727146   -1.200469
-------------+----------------------------------------------------------------
Wy           |
       _cons |  -.0467557   .0362548    -1.29   0.197    -.1178138    .0243023
-------------+----------------------------------------------------------------
Wv           |
       _cons |  -.0671769   .1600686    -0.42   0.675    -.3809057    .2465518
-------------+----------------------------------------------------------------
Wu           |
       _cons |   1.280422   .2367245     5.41   0.000       .81645    1.744393
-------------+----------------------------------------------------------------
         rho |  -.0233713   .0181157    -1.29   0.197     -.058833    .0121493
       gamma |  -.0335725   .0799361    -0.42   0.674    -.1881642     .122643
         tau |   .5649866   .0805643     7.01   0.000     .3869258    .7024182
------------------------------------------------------------------------------
Note: Wy:_cons, Wv:_cons and Wu:_cons are the transfromed parameters;
      rho, gamma and tau are their origin metrics in spatial components, repsectively.

. scalar loglikehood1 =  e(ll)

. mat b1 = b0,0.6

. xtsfsp lnY $x, uhet($z)  wu(wm,mata)  init(b1) te(tesp2)  nolog

Spatial frontier model:u-SAR                          Number of obs =      630
                                                      Wald chi2(9)  = 16174.91
Log likelihood = 327.60816                            Prob > chi2   =   0.0000

------------------------------------------------------------------------------
         lnY | Coefficient  Std. err.      z    P>|z|     [95% conf. interval]
-------------+----------------------------------------------------------------
frontier     |
         lnK |    .672366   .0264662    25.40   0.000     .6204932    .7242388
         lnL |   .3392661   .0184417    18.40   0.000     .3031209    .3754113
          _t |   .0114801    .004803     2.39   0.017     .0020664    .0208937
     lnK_lnL |   .0128618   .0467126     0.28   0.783    -.0786932    .1044169
      _t_lnK |   .0422561   .0108054     3.91   0.000     .0210779    .0634344
      _t_lnL |  -.0027543   .0074782    -0.37   0.713    -.0174113    .0119027
        _t_2 |  -.0066348   .0012629    -5.25   0.000      -.00911   -.0041595
       lnK_2 |  -.0915034   .0326073    -2.81   0.005    -.1554126   -.0275942
       lnL_2 |  -.0395255   .0328292    -1.20   0.229    -.1038696    .0248185
       _cons |   .4644181   .0315665    14.71   0.000     .4025489    .5262874
-------------+----------------------------------------------------------------
    /lnsigv2 |  -4.013496   .0575493   -69.74   0.000     -4.12629   -3.900701
-------------+----------------------------------------------------------------
uhet         |
      fiscal |   .0097757      .0055     1.78   0.076     -.001004    .0205555
       trade |  -.0869182   .0204711    -4.25   0.000    -.1270408   -.0467956
         fdi |  -.0133135   .0090702    -1.47   0.142    -.0310908    .0044638
       _cons |  -1.986602   .3822161    -5.20   0.000    -2.735732   -1.237472
-------------+----------------------------------------------------------------
Wu           |
       _cons |    1.07423   .1922999     5.59   0.000     .6973292    1.451131
-------------+----------------------------------------------------------------
         tau |    .490752   .0729815     6.72   0.000     .3351572    .6202829
------------------------------------------------------------------------------

. scalar loglikehood2 =  e(ll)

. local lrtest = -2*(loglikehood2-loglikehood1)

. local pvalue = 1- chi2(2,`lrtest')

. display "Likelihood-ratio test: LR chi2(2) = `lrtest', Prob > chi2 = `pvalue'"
Likelihood-ratio test: LR chi2(2) = 1.807357699424301, Prob > chi2 = .4050766989379054

. 
. * Plot the density of estimates of technical efficiency from different models
. twoway (kdensity te0, color(black) lpattern(solid)) ///
>        (kdensity tesp1,color(red) lpattern(dash))   ///
>            (kdensity tesp2,color(blue) lpattern(longdash)),  ///
>         legend(pos(10) ring(0) label(1 Non-spatial Stoc. Frontier) ///
>         label(2 Spatial Stoc. Frontier:yuv) label(3 Spatial Stoc. Frontier:u)) ///
>         xtitle("Technical Efficiency") ytitle("Density")

. graph2tex, epsfile("../output/fig1") caption(Distribution of efficency scores) label(fig1)
% exported graph to ../output/fig1.eps
% We can see in Figure \ref{fig:fig1} that
\begin{figure}[h]
\begin{centering}
  \includegraphics[height=3in]{../output/fig1}
  \caption{Distribution of efficency scores}
  \label{fig:fig1}
\end{centering}
\end{figure}

. 
