. * re-estimation with delmissing option 
. local w w1 w2 w3 w4 w5 w6 w7 w8 w9 w10

. xtsfsp y x, cost uhet(z) wu(w2,mata) wv(w1,mata) wxvars(x) wx(`w',mata) init(b) delmissing nolog
missing values found. The corresponding units are deleted from the spmatrix

Spatial frontier model(xuv-SAR)                       Number of obs =    2,998
                                                      Wald chi2(2)  = 57427.27
Log likelihood = -1909.3843                           Prob > chi2   =   0.0000

------------------------------------------------------------------------------
           y | Coefficient  Std. err.      z    P>|z|     [95% conf. interval]
-------------+----------------------------------------------------------------
frontier     |
           x |   1.996019   .0083865   238.00   0.000     1.979582    2.012456
         W_x |   .5065641   .0221317    22.89   0.000     .4631868    .5499415
       _cons |   .9914628   .0127155    77.97   0.000     .9665409    1.016385
-------------+----------------------------------------------------------------
    /lnsigv2 |  -1.615516   .0260354   -62.05   0.000    -1.666545   -1.564488
-------------+----------------------------------------------------------------
uhet         |
           z |   3.999476   .0021537  1857.00   0.000     3.995254    4.003697
       _cons |   -1.69889   .4472536    -3.80   0.000    -2.575491   -.8222893
-------------+----------------------------------------------------------------
Wv           |
       _cons |   .5864895   .0584601    10.03   0.000     .4719098    .7010692
-------------+----------------------------------------------------------------
Wu           |
       _cons |   .6214135   .0008526   728.87   0.000     .6197425    .6230845
-------------+----------------------------------------------------------------
         tau |   .3010498   .0003876   776.69   0.000     .3002899    .3018093
       gamma |     .28509   .0268512    10.62   0.000     .2316482    .3368159
------------------------------------------------------------------------------
Note: Wv:_cons and Wu:_cons are the transformed parameters;
      gamma and tau are their origin metrics in spatial components, repsectively.
      W_(x) represent Spatial Durbin terms W(x)
      Missing values found
      The regression sample recorded by variable __e_sample__
